#
# A fatal error has been detected by the Java Runtime Environment:
#
#  SIGSEGV (0xb) at pc=0x00000001031b8164, pid=26108, tid=0x0000000000000307
#
# JRE version: Java(TM) SE Runtime Environment (8.0_191-b12) (build 1.8.0_191-b12)
# Java VM: Java HotSpot(TM) 64-Bit Server VM (25.191-b12 mixed mode bsd-amd64 compressed oops)
# Problematic frame:
# C  [rsession+0x835164]  _ZN13rstudio_boost4asio12placeholders17bytes_transferredEv+0x1b32b4
#
# Failed to write core dump. Core dumps have been disabled. To enable core dumping, try "ulimit -c unlimited" before starting Java again
#
# If you would like to submit a bug report, please visit:
#   http://bugreport.java.com/bugreport/crash.jsp
# The crash happened outside the Java Virtual Machine in native code.
# See problematic frame for where to report the bug.
#

---------------  T H R E A D  ---------------

Current thread (0x00007fe7a4bc5800):  JavaThread "main" [_thread_in_native, id=775, stack(0x00007ffeeca7d000,0x00007ffeed27d000)]

siginfo: si_signo: 11 (SIGSEGV), si_code: 0 (unknown), si_addr: 0x0000000000000000

Registers:
RAX=0x00000001031a7830, RBX=0x00007fe7acea7e60, RCX=0x00007ffeed27a6c0, RDX=0x00007fe7acf00000
RSP=0x00007ffeed27a620, RBP=0x00007ffeed27a720, RSI=0x00007fe7825c5c98, RDI=0x600007fe7ace8969
R8 =0x0000000000000098, R9 =0x0000000000000099, R10=0x00000000feffffff, R11=0x0000000000000206
R12=0x00007fe7acfb8c90, R13=0x00000001031b7f01, R14=0x00007fe79cdf46b0, R15=0x00007fe7825c5be0
RIP=0x00000001031b8164, EFLAGS=0x0000000000010206, ERR=0x0000000000000000
  TRAPNO=0x000000000000000d

Top of Stack: (sp=0x00007ffeed27a620)
0x00007ffeed27a620:   00007fe7825c5c98 00007ffeed27a670
0x00007ffeed27a630:   0000000000000010 00000000000f4240
0x00007ffeed27a640:   0000000000030d40 00000000001e8480
0x00007ffeed27a650:   000000010355ce29 00000001031a7340
0x00007ffeed27a660:   0000000000000010 0000000000000010
0x00007ffeed27a670:   000000010355ce69 00000001031a7830
0x00007ffeed27a680:   00007ffeed27a6c0 00007fff2018bdfe
0x00007ffeed27a690:   0000000000000000 00007fe7825c5e40
0x00007ffeed27a6a0:   00007fe7acfb8c90 00007ffeed27a770
0x00007ffeed27a6b0:   00007fe7acfb8c98 0000000103569fd8
0x00007ffeed27a6c0:   00007ffeed27a6e0 00007fff20311daa
0x00007ffeed27a6d0:   0000000000000000 0000000000000001
0x00007ffeed27a6e0:   00007ffeed27a720 000000010316c5b1
0x00007ffeed27a6f0:   00007fe793c0c400 00007fe7acc1faa0
0x00007ffeed27a700:   00007fe7acfb8c90 00000001031b7f90
0x00007ffeed27a710:   00007fe7acc1fab0 0000000103569fd8
0x00007ffeed27a720:   00007ffeed27a7b0 0000000103169bc6
0x00007ffeed27a730:   00007ffeed27a790 0000000102b93cdd
0x00007ffeed27a740:   000000006034542a 000000001fbf3280
0x00007ffeed27a750:   00007fe7acc0b290 0000000000000001
0x00007ffeed27a760:   00007ffeed27a780 00007fe7acc0ad58
0x00007ffeed27a770:   00007fe7acc1faa0 00007fe7acc1fab0
0x00007ffeed27a780:   00007fe7acc1fab0 0000000000000001
0x00007ffeed27a790:   8000000000000002 0000000000000007
0x00007ffeed27a7a0:   7ffffffffffffffe 00007ffeed27a868
0x00007ffeed27a7b0:   00007ffeed27a7d0 0000000102af5a62
0x00007ffeed27a7c0:   00007ffeed27a870 00007ffeed27a848
0x00007ffeed27a7d0:   00007ffeed27a8d0 0000000102a844eb
0x00007ffeed27a7e0:   0000000000000000 00007ffeed27a840
0x00007ffeed27a7f0:   00007fe79f872200 00007fe790aed9e0
0x00007ffeed27a800:   000000000000c350 000000010354b731
0x00007ffeed27a810:   00007ffeed27aa48 00007ffeed27aa30 

Instructions: (pc=0x00000001031b8164)
0x00000001031b8144:   ff ff 4c 89 f7 e8 e2 75 fa ff 48 8b 7b 08 4c 39
0x00000001031b8154:   f7 0f 84 d9 09 00 00 4c 89 73 08 48 85 ff 74 06
0x00000001031b8164:   48 8b 07 ff 50 08 48 8b 85 50 ff ff ff 48 85 c0
0x00000001031b8174:   4c 8b b5 78 ff ff ff 74 2c a8 01 75 1d 48 83 e0 

Register to memory mapping:

RAX=0x00000001031a7830: _ZN13rstudio_boost4asio12placeholders17bytes_transferredEv+0x1a2980 in /Applications/RStudio.app/Contents/MacOS/rsession at 0x0000000102983000
RBX=0x00007fe7acea7e60 is an unknown value
RCX=0x00007ffeed27a6c0 is pointing into the stack for thread: 0x00007fe7a4bc5800
RDX=0x00007fe7acf00000 is an unknown value
RSP=0x00007ffeed27a620 is pointing into the stack for thread: 0x00007fe7a4bc5800
RBP=0x00007ffeed27a720 is pointing into the stack for thread: 0x00007fe7a4bc5800
RSI=0x00007fe7825c5c98 is an unknown value
RDI=0x600007fe7ace8969 is an unknown value
R8 =0x0000000000000098 is an unknown value
R9 =0x0000000000000099 is an unknown value
R10=0x00000000feffffff is an unknown value
R11=0x0000000000000206 is an unknown value
R12=0x00007fe7acfb8c90 is an unknown value
R13=0x00000001031b7f01: _ZN13rstudio_boost4asio12placeholders17bytes_transferredEv+0x1b3051 in /Applications/RStudio.app/Contents/MacOS/rsession at 0x0000000102983000
R14=0x00007fe79cdf46b0 is an unknown value
R15=0x00007fe7825c5be0 is an unknown value


Stack: [0x00007ffeeca7d000,0x00007ffeed27d000],  sp=0x00007ffeed27a620,  free space=8181k
Native frames: (J=compiled Java code, j=interpreted, Vv=VM code, C=native code)
C  [rsession+0x835164]  _ZN13rstudio_boost4asio12placeholders17bytes_transferredEv+0x1b32b4
C  [rsession+0x7e6bc6]  _ZN13rstudio_boost4asio12placeholders17bytes_transferredEv+0x164d16
C  [rsession+0x172a62]  _ZN13rstudio_boost4asio6detail30reactive_socket_accept_op_baseINS0_12basic_socketINS0_2ip3tcpEEES5_E10do_performEPNS1_10reactor_opE+0xada92
C  [rsession+0x1014eb]  _ZN13rstudio_boost4asio6detail30reactive_socket_accept_op_baseINS0_12basic_socketINS0_2ip3tcpEEES5_E10do_performEPNS1_10reactor_opE+0x3c51b
C  [rsession+0x32a7d]
C  [rsession+0x8b4a68]  _ZN13rstudio_boost4asio6detail24descriptor_write_op_baseINS0_15const_buffers_1EE10do_performEPNS1_10reactor_opE+0x78248
C  [libR.dylib+0x10da24]  Rf_ReplIteration+0x64
C  [libR.dylib+0x10f20f]  run_Rmainloop+0xcf
C  [rsession+0x8d98a0]  _ZN13rstudio_boost4asio6detail24descriptor_write_op_baseINS0_15const_buffers_1EE10do_performEPNS1_10reactor_opE+0x9d080
C  [rsession+0x8b2319]  _ZN13rstudio_boost4asio6detail24descriptor_write_op_baseINS0_15const_buffers_1EE10do_performEPNS1_10reactor_opE+0x75af9
C  [rsession+0x126762]  _ZN13rstudio_boost4asio6detail30reactive_socket_accept_op_baseINS0_12basic_socketINS0_2ip3tcpEEES5_E10do_performEPNS1_10reactor_opE+0x61792
C  [libdyld.dylib+0x15621]  start+0x1
C  0x0000000000000009


---------------  P R O C E S S  ---------------

Java Threads: ( => current thread )
  0x00007fe78d5dc000 JavaThread "Service Thread" daemon [_thread_blocked, id=42247, stack(0x000070000327e000,0x000070000347e000)]
  0x00007fe791cca800 JavaThread "C1 CompilerThread2" daemon [_thread_blocked, id=23811, stack(0x000070000317b000,0x000070000327b000)]
  0x00007fe792911000 JavaThread "C2 CompilerThread1" daemon [_thread_blocked, id=23299, stack(0x0000700003078000,0x0000700003178000)]
  0x00007fe79bcde000 JavaThread "C2 CompilerThread0" daemon [_thread_blocked, id=42499, stack(0x0000700002f75000,0x0000700003075000)]
  0x00007fe79abaa000 JavaThread "Finalizer" daemon [_thread_blocked, id=16131, stack(0x0000700002aec000,0x0000700002cec000)]
  0x00007fe7a628e000 JavaThread "Reference Handler" daemon [_thread_blocked, id=16899, stack(0x00007000028e9000,0x0000700002ae9000)]
=>0x00007fe7a4bc5800 JavaThread "main" [_thread_in_native, id=775, stack(0x00007ffeeca7d000,0x00007ffeed27d000)]

Other Threads:
  0x00007fe79207d800 VMThread [stack: 0x00007000027e6000,0x00007000028e6000] [id=15619]
  0x00007fe7920c1000 WatcherThread [stack: 0x0000700003481000,0x0000700003581000] [id=41731]

VM state:not at safepoint (normal execution)

VM Mutex/Monitor currently owned by a thread: None

Heap:
 PSYoungGen      total 150528K, used 126359K [0x00000007b5580000, 0x00000007bfb80000, 0x00000007c0000000)
  eden space 133120K, 87% used [0x00000007b5580000,0x00000007bc7caac0,0x00000007bd780000)
  from space 17408K, 53% used [0x00000007bea80000,0x00000007bf39b200,0x00000007bfb80000)
  to   space 18432K, 0% used [0x00000007bd780000,0x00000007bd780000,0x00000007be980000)
 ParOldGen       total 87552K, used 25686K [0x00000007a0000000, 0x00000007a5580000, 0x00000007b5580000)
  object space 87552K, 29% used [0x00000007a0000000,0x00000007a1915b40,0x00000007a5580000)
 Metaspace       used 9764K, capacity 9938K, committed 9984K, reserved 1058816K
  class space    used 1182K, capacity 1243K, committed 1280K, reserved 1048576K

Card table byte_map: [0x000000010dbf6000,0x000000010dcf7000] byte_map_base: 0x0000000109ef6000

Marking Bits: (ParMarkBitMap*) 0x000000010d145e00
 Begin Bits: [0x00000001104ef000, 0x0000000110cef000)
 End Bits:   [0x0000000110cef000, 0x00000001114ef000)

Polling page: 0x000000010c5c6000

CodeCache: size=245760Kb used=7607Kb max_used=7621Kb free=238152Kb
 bounds [0x0000000111ca8000, 0x0000000112428000, 0x0000000120ca8000]
 total_blobs=2042 nmethods=1741 adapters=214
 compilation: enabled

Compilation events (10 events):
Event: 6049.501 Thread 0x00007fe791cca800 1755       1       org.dom4j.tree.FlyweightAttribute::getValue (5 bytes)
Event: 6049.502 Thread 0x00007fe79bcde000 nmethod 1735 0x000000011240d350 code [0x000000011240d6a0, 0x000000011240e7c8]
Event: 6049.503 Thread 0x00007fe791cca800 nmethod 1755 0x00000001123f7450 code [0x00000001123f75a0, 0x00000001123f76b0]
Event: 6049.503 Thread 0x00007fe791cca800 1754       1       org.dom4j.tree.DefaultElement::getQName (5 bytes)
Event: 6049.503 Thread 0x00007fe791cca800 nmethod 1754 0x00000001123f7190 code [0x00000001123f72e0, 0x00000001123f73f0]
Event: 6049.503 Thread 0x00007fe791cca800 1758       1       org.dom4j.QName::getName (5 bytes)
Event: 6049.503 Thread 0x00007fe791cca800 nmethod 1758 0x00000001123dc8d0 code [0x00000001123dca20, 0x00000001123dcb30]
Event: 6049.510 Thread 0x00007fe79bcde000 1738       4       org.apache.xmlbeans.impl.values.NamespaceContext::pop (26 bytes)
Event: 6049.516 Thread 0x00007fe792911000 nmethod 1736 0x00000001123f7dd0 code [0x00000001123f7fc0, 0x00000001123f8950]
Event: 6049.536 Thread 0x00007fe79bcde000 nmethod 1738 0x0000000112420250 code [0x00000001124204a0, 0x0000000112420f70]

GC Heap History (10 events):
Event: 28.203 GC heap before
{Heap before GC invocations=2 (full 0):
 PSYoungGen      total 38400K, used 38384K [0x00000007b5580000, 0x00000007b8000000, 0x00000007c0000000)
  eden space 33280K, 100% used [0x00000007b5580000,0x00000007b7600000,0x00000007b7600000)
  from space 5120K, 99% used [0x00000007b7600000,0x00000007b7afc010,0x00000007b7b00000)
  to   space 5120K, 0% used [0x00000007b7b00000,0x00000007b7b00000,0x00000007b8000000)
 ParOldGen       total 87552K, used 4185K [0x00000007a0000000, 0x00000007a5580000, 0x00000007b5580000)
  object space 87552K, 4% used [0x00000007a0000000,0x00000007a0416550,0x00000007a5580000)
 Metaspace       used 8574K, capacity 9202K, committed 9344K, reserved 1056768K
  class space    used 1045K, capacity 1083K, committed 1152K, reserved 1048576K
Event: 28.220 GC heap after
Heap after GC invocations=2 (full 0):
 PSYoungGen      total 38400K, used 5104K [0x00000007b5580000, 0x00000007b8000000, 0x00000007c0000000)
  eden space 33280K, 0% used [0x00000007b5580000,0x00000007b5580000,0x00000007b7600000)
  from space 5120K, 99% used [0x00000007b7b00000,0x00000007b7ffc010,0x00000007b8000000)
  to   space 5120K, 0% used [0x00000007b7600000,0x00000007b7600000,0x00000007b7b00000)
 ParOldGen       total 87552K, used 16726K [0x00000007a0000000, 0x00000007a5580000, 0x00000007b5580000)
  object space 87552K, 19% used [0x00000007a0000000,0x00000007a1055b00,0x00000007a5580000)
 Metaspace       used 8574K, capacity 9202K, committed 9344K, reserved 1056768K
  class space    used 1045K, capacity 1083K, committed 1152K, reserved 1048576K
}
Event: 28.388 GC heap before
{Heap before GC invocations=3 (full 0):
 PSYoungGen      total 38400K, used 38377K [0x00000007b5580000, 0x00000007b8000000, 0x00000007c0000000)
  eden space 33280K, 99% used [0x00000007b5580000,0x00000007b75fe488,0x00000007b7600000)
  from space 5120K, 99% used [0x00000007b7b00000,0x00000007b7ffc010,0x00000007b8000000)
  to   space 5120K, 0% used [0x00000007b7600000,0x00000007b7600000,0x00000007b7b00000)
 ParOldGen       total 87552K, used 16726K [0x00000007a0000000, 0x00000007a5580000, 0x00000007b5580000)
  object space 87552K, 19% used [0x00000007a0000000,0x00000007a1055b00,0x00000007a5580000)
 Metaspace       used 8593K, capacity 9202K, committed 9344K, reserved 1056768K
  class space    used 1045K, capacity 1083K, committed 1152K, reserved 1048576K
Event: 28.397 GC heap after
Heap after GC invocations=3 (full 0):
 PSYoungGen      total 38400K, used 5104K [0x00000007b5580000, 0x00000007ba080000, 0x00000007c0000000)
  eden space 33280K, 0% used [0x00000007b5580000,0x00000007b5580000,0x00000007b7600000)
  from space 5120K, 99% used [0x00000007b7600000,0x00000007b7afc010,0x00000007b7b00000)
  to   space 5120K, 0% used [0x00000007b9b80000,0x00000007b9b80000,0x00000007ba080000)
 ParOldGen       total 87552K, used 17758K [0x00000007a0000000, 0x00000007a5580000, 0x00000007b5580000)
  object space 87552K, 20% used [0x00000007a0000000,0x00000007a1157b10,0x00000007a5580000)
 Metaspace       used 8593K, capacity 9202K, committed 9344K, reserved 1056768K
  class space    used 1045K, capacity 1083K, committed 1152K, reserved 1048576K
}
Event: 28.579 GC heap before
{Heap before GC invocations=4 (full 0):
 PSYoungGen      total 38400K, used 38384K [0x00000007b5580000, 0x00000007ba080000, 0x00000007c0000000)
  eden space 33280K, 100% used [0x00000007b5580000,0x00000007b7600000,0x00000007b7600000)
  from space 5120K, 99% used [0x00000007b7600000,0x00000007b7afc010,0x00000007b7b00000)
  to   space 5120K, 0% used [0x00000007b9b80000,0x00000007b9b80000,0x00000007ba080000)
 ParOldGen       total 87552K, used 17758K [0x00000007a0000000, 0x00000007a5580000, 0x00000007b5580000)
  object space 87552K, 20% used [0x00000007a0000000,0x00000007a1157b10,0x00000007a5580000)
 Metaspace       used 8593K, capacity 9202K, committed 9344K, reserved 1056768K
  class space    used 1045K, capacity 1083K, committed 1152K, reserved 1048576K
Event: 28.589 GC heap after
Heap after GC invocations=4 (full 0):
 PSYoungGen      total 71680K, used 5120K [0x00000007b5580000, 0x00000007ba080000, 0x00000007c0000000)
  eden space 66560K, 0% used [0x00000007b5580000,0x00000007b5580000,0x00000007b9680000)
  from space 5120K, 100% used [0x00000007b9b80000,0x00000007ba080000,0x00000007ba080000)
  to   space 5120K, 0% used [0x00000007b9680000,0x00000007b9680000,0x00000007b9b80000)
 ParOldGen       total 87552K, used 18518K [0x00000007a0000000, 0x00000007a5580000, 0x00000007b5580000)
  object space 87552K, 21% used [0x00000007a0000000,0x00000007a1215b30,0x00000007a5580000)
 Metaspace       used 8593K, capacity 9202K, committed 9344K, reserved 1056768K
  class space    used 1045K, capacity 1083K, committed 1152K, reserved 1048576K
}
Event: 29.457 GC heap before
{Heap before GC invocations=5 (full 0):
 PSYoungGen      total 71680K, used 71680K [0x00000007b5580000, 0x00000007ba080000, 0x00000007c0000000)
  eden space 66560K, 100% used [0x00000007b5580000,0x00000007b9680000,0x00000007b9680000)
  from space 5120K, 100% used [0x00000007b9b80000,0x00000007ba080000,0x00000007ba080000)
  to   space 5120K, 0% used [0x00000007b9680000,0x00000007b9680000,0x00000007b9b80000)
 ParOldGen       total 87552K, used 18518K [0x00000007a0000000, 0x00000007a5580000, 0x00000007b5580000)
  object space 87552K, 21% used [0x00000007a0000000,0x00000007a1215b30,0x00000007a5580000)
 Metaspace       used 8678K, capacity 9234K, committed 9344K, reserved 1056768K
  class space    used 1053K, capacity 1115K, committed 1152K, reserved 1048576K
Event: 29.473 GC heap after
Heap after GC invocations=5 (full 0):
 PSYoungGen      total 71680K, used 5120K [0x00000007b5580000, 0x00000007bfd80000, 0x00000007c0000000)
  eden space 66560K, 0% used [0x00000007b5580000,0x00000007b5580000,0x00000007b9680000)
  from space 5120K, 100% used [0x00000007b9680000,0x00000007b9b80000,0x00000007b9b80000)
  to   space 19456K, 0% used [0x00000007bea80000,0x00000007bea80000,0x00000007bfd80000)
 ParOldGen       total 87552K, used 25686K [0x00000007a0000000, 0x00000007a5580000, 0x00000007b5580000)
  object space 87552K, 29% used [0x00000007a0000000,0x00000007a1915b40,0x00000007a5580000)
 Metaspace       used 8678K, capacity 9234K, committed 9344K, reserved 1056768K
  class space    used 1053K, capacity 1115K, committed 1152K, reserved 1048576K
}
Event: 30.128 GC heap before
{Heap before GC invocations=6 (full 0):
 PSYoungGen      total 71680K, used 71680K [0x00000007b5580000, 0x00000007bfd80000, 0x00000007c0000000)
  eden space 66560K, 100% used [0x00000007b5580000,0x00000007b9680000,0x00000007b9680000)
  from space 5120K, 100% used [0x00000007b9680000,0x00000007b9b80000,0x00000007b9b80000)
  to   space 19456K, 0% used [0x00000007bea80000,0x00000007bea80000,0x00000007bfd80000)
 ParOldGen       total 87552K, used 25686K [0x00000007a0000000, 0x00000007a5580000, 0x00000007b5580000)
  object space 87552K, 29% used [0x00000007a0000000,0x00000007a1915b40,0x00000007a5580000)
 Metaspace       used 8906K, capacity 9458K, committed 9600K, reserved 1058816K
  class space    used 1091K, capacity 1147K, committed 1152K, reserved 1048576K
Event: 30.142 GC heap after
Heap after GC invocations=6 (full 0):
 PSYoungGen      total 150528K, used 9324K [0x00000007b5580000, 0x00000007bfb80000, 0x00000007c0000000)
  eden space 133120K, 0% used [0x00000007b5580000,0x00000007b5580000,0x00000007bd780000)
  from space 17408K, 53% used [0x00000007bea80000,0x00000007bf39b200,0x00000007bfb80000)
  to   space 18432K, 0% used [0x00000007bd780000,0x00000007bd780000,0x00000007be980000)
 ParOldGen       total 87552K, used 25686K [0x00000007a0000000, 0x00000007a5580000, 0x00000007b5580000)
  object space 87552K, 29% used [0x00000007a0000000,0x00000007a1915b40,0x00000007a5580000)
 Metaspace       used 8906K, capacity 9458K, committed 9600K, reserved 1058816K
  class space    used 1091K, capacity 1147K, committed 1152K, reserved 1048576K
}

Deoptimization events (10 events):
Event: 6049.351 Thread 0x00007fe7a4bc5800 Uncommon trap: reason=bimorphic action=maybe_recompile pc=0x00000001122fdca8 method=org.apache.xmlbeans.impl.store.Xobj.ensureOccupancy()V @ 68
Event: 6049.437 Thread 0x00007fe7a4bc5800 Uncommon trap: reason=bimorphic action=maybe_recompile pc=0x0000000112301b00 method=org.apache.xmlbeans.impl.store.Saver.process()Z @ 62
Event: 6049.439 Thread 0x00007fe7a4bc5800 Uncommon trap: reason=bimorphic action=maybe_recompile pc=0x0000000112301b00 method=org.apache.xmlbeans.impl.store.Saver.process()Z @ 62
Event: 6049.439 Thread 0x00007fe7a4bc5800 Uncommon trap: reason=bimorphic action=maybe_recompile pc=0x0000000112301b00 method=org.apache.xmlbeans.impl.store.Saver.process()Z @ 62
Event: 6049.439 Thread 0x00007fe7a4bc5800 Uncommon trap: reason=bimorphic action=maybe_recompile pc=0x0000000112301b00 method=org.apache.xmlbeans.impl.store.Saver.process()Z @ 62
Event: 6049.440 Thread 0x00007fe7a4bc5800 Uncommon trap: reason=bimorphic action=maybe_recompile pc=0x000000011228ddcc method=org.apache.xmlbeans.impl.store.Saver.processElement()V @ 385
Event: 6049.440 Thread 0x00007fe7a4bc5800 Uncommon trap: reason=bimorphic action=maybe_recompile pc=0x00000001122bc58c method=org.apache.xmlbeans.impl.store.Saver.pushMappings(Lorg/apache/xmlbeans/impl/store/Saver$SaveCur;Z)V @ 31
Event: 6049.442 Thread 0x00007fe7a4bc5800 Uncommon trap: reason=bimorphic action=maybe_recompile pc=0x00000001122bc58c method=org.apache.xmlbeans.impl.store.Saver.pushMappings(Lorg/apache/xmlbeans/impl/store/Saver$SaveCur;Z)V @ 31
Event: 6049.442 Thread 0x00007fe7a4bc5800 Uncommon trap: reason=bimorphic action=maybe_recompile pc=0x00000001122bc58c method=org.apache.xmlbeans.impl.store.Saver.pushMappings(Lorg/apache/xmlbeans/impl/store/Saver$SaveCur;Z)V @ 31
Event: 6049.443 Thread 0x00007fe7a4bc5800 Uncommon trap: reason=bimorphic action=maybe_recompile pc=0x00000001122bc58c method=org.apache.xmlbeans.impl.store.Saver.pushMappings(Lorg/apache/xmlbeans/impl/store/Saver$SaveCur;Z)V @ 31

Classes redefined (0 events):
No events

Internal exceptions (10 events):
Event: 0.914 Thread 0x00007fe7a4bc5800 Exception <a 'java/security/PrivilegedActionException'> (0x00000007b6078440) thrown at [/Users/java_re/workspace/8-2-build-macosx-x86_64/jdk8u191/11896/hotspot/src/share/vm/prims/jvm.cpp, line 1435]
Event: 0.915 Thread 0x00007fe7a4bc5800 Exception <a 'java/security/PrivilegedActionException'> (0x00000007b6081488) thrown at [/Users/java_re/workspace/8-2-build-macosx-x86_64/jdk8u191/11896/hotspot/src/share/vm/prims/jvm.cpp, line 1435]
Event: 0.915 Thread 0x00007fe7a4bc5800 Exception <a 'java/security/PrivilegedActionException'> (0x00000007b6081880) thrown at [/Users/java_re/workspace/8-2-build-macosx-x86_64/jdk8u191/11896/hotspot/src/share/vm/prims/jvm.cpp, line 1435]
Event: 0.915 Thread 0x00007fe7a4bc5800 Exception <a 'java/security/PrivilegedActionException'> (0x00000007b6089208) thrown at [/Users/java_re/workspace/8-2-build-macosx-x86_64/jdk8u191/11896/hotspot/src/share/vm/prims/jvm.cpp, line 1435]
Event: 0.915 Thread 0x00007fe7a4bc5800 Exception <a 'java/security/PrivilegedActionException'> (0x00000007b6089600) thrown at [/Users/java_re/workspace/8-2-build-macosx-x86_64/jdk8u191/11896/hotspot/src/share/vm/prims/jvm.cpp, line 1435]
Event: 0.916 Thread 0x00007fe7a4bc5800 Exception <a 'java/security/PrivilegedActionException'> (0x00000007b6092918) thrown at [/Users/java_re/workspace/8-2-build-macosx-x86_64/jdk8u191/11896/hotspot/src/share/vm/prims/jvm.cpp, line 1435]
Event: 0.916 Thread 0x00007fe7a4bc5800 Exception <a 'java/security/PrivilegedActionException'> (0x00000007b6092d10) thrown at [/Users/java_re/workspace/8-2-build-macosx-x86_64/jdk8u191/11896/hotspot/src/share/vm/prims/jvm.cpp, line 1435]
Event: 30.001 Thread 0x00007fe7a4bc5800 Implicit null exception at 0x00000001121e07e2 to 0x00000001121e13cd
Event: 30.007 Thread 0x00007fe7a4bc5800 Implicit null exception at 0x00000001121808ea to 0x0000000112180baf
Event: 6049.322 Thread 0x00007fe7a4bc5800 Implicit null exception at 0x00000001123714d8 to 0x00000001123732e9

Events (10 events):
Event: 6049.442 Thread 0x00007fe7a4bc5800 Uncommon trap: trap_request=0xffffffc6 fr.pc=0x00000001122bc58c
Event: 6049.442 Thread 0x00007fe7a4bc5800 DEOPT PACKING pc=0x00000001122bc58c sp=0x00007ffeed274fa0
Event: 6049.442 Thread 0x00007fe7a4bc5800 DEOPT UNPACKING pc=0x0000000111ced73a sp=0x00007ffeed274f90 mode 2
Event: 6049.442 Thread 0x00007fe7a4bc5800 Uncommon trap: trap_request=0xffffffc6 fr.pc=0x00000001122bc58c
Event: 6049.442 Thread 0x00007fe7a4bc5800 DEOPT PACKING pc=0x00000001122bc58c sp=0x00007ffeed275000
Event: 6049.442 Thread 0x00007fe7a4bc5800 DEOPT UNPACKING pc=0x0000000111ced73a sp=0x00007ffeed274ff0 mode 2
Event: 6049.443 Thread 0x00007fe7a4bc5800 Uncommon trap: trap_request=0xffffffc6 fr.pc=0x00000001122bc58c
Event: 6049.443 Thread 0x00007fe7a4bc5800 DEOPT PACKING pc=0x00000001122bc58c sp=0x00007ffeed275000
Event: 6049.443 Thread 0x00007fe7a4bc5800 DEOPT UNPACKING pc=0x0000000111ced73a sp=0x00007ffeed274ff0 mode 2
Event: 12312.283 Thread 0x00007fe77e84a800 Thread exited: 0x00007fe77e84a800


Dynamic libraries:
0x00000001035ec000 	/Library/Frameworks/R.framework/Versions/4.0/Resources/lib/libR.dylib
0x00007fff22c23000 	/System/Library/Frameworks/AppKit.framework/Versions/C/AppKit
0x00007fff331d4000 	/System/Library/Frameworks/ApplicationServices.framework/Versions/A/ApplicationServices
0x00007fff203c2000 	/System/Library/Frameworks/CoreFoundation.framework/Versions/A/CoreFoundation
0x00007fff2116f000 	/System/Library/Frameworks/Foundation.framework/Versions/C/Foundation
0x00007fff22b1c000 	/System/Library/Frameworks/IOKit.framework/Versions/A/IOKit
0x00007fff221fc000 	/System/Library/Frameworks/Security.framework/Versions/A/Security
0x00007fff29d22000 	/usr/lib/libbsm.0.dylib
0x00007fff2a54d000 	/usr/lib/libSystem.B.dylib
0x00007fff2a485000 	/usr/lib/libz.1.dylib
0x00007fff2ff3c000 	/System/Library/Frameworks/CoreServices.framework/Versions/A/CoreServices
0x0000000103ae1000 	/Applications/RStudio.app/Contents/Frameworks/libssl.1.1.dylib
0x0000000103b5f000 	/Applications/RStudio.app/Contents/Frameworks/libcrypto.1.1.dylib
0x00007fff202a7000 	/usr/lib/libc++.1.dylib
0x00007fff24f29000 	/System/Library/Frameworks/CoreGraphics.framework/Versions/A/CoreGraphics
0x00007fff2196e000 	/System/Library/Frameworks/CoreText.framework/Versions/A/CoreText
0x00007fff201e2000 	/usr/lib/libobjc.A.dylib
0x00007fff23986000 	/System/Library/PrivateFrameworks/UIFoundation.framework/Versions/A/UIFoundation
0x00007fff2fbb3000 	/System/Library/PrivateFrameworks/RemoteViewServices.framework/Versions/A/RemoteViewServices
0x00007fff289ac000 	/System/Library/PrivateFrameworks/XCTTargetBootstrap.framework/Versions/A/XCTTargetBootstrap
0x00007fff2b68d000 	/usr/lib/libspindump.dylib
0x00007fff23bdb000 	/System/Library/Frameworks/UniformTypeIdentifiers.framework/Versions/A/UniformTypeIdentifiers
0x00007fff27182000 	/usr/lib/libapp_launch_measurement.dylib
0x00007fff27185000 	/System/Library/PrivateFrameworks/CoreAutoLayout.framework/Versions/A/CoreAutoLayout
0x00007fff2830e000 	/System/Library/Frameworks/Metal.framework/Versions/A/Metal
0x00007fff28ffe000 	/usr/lib/liblangid.dylib
0x00007fff289b0000 	/System/Library/PrivateFrameworks/CoreSVG.framework/Versions/A/CoreSVG
0x00007fff24bc2000 	/System/Library/PrivateFrameworks/SkyLight.framework/Versions/A/SkyLight
0x00007fff3020a000 	/System/Library/Frameworks/Accelerate.framework/Versions/A/Accelerate
0x00007fff2b0c8000 	/System/Library/PrivateFrameworks/IconServices.framework/Versions/A/IconServices
0x00007fff282f3000 	/System/Library/Frameworks/IOSurface.framework/Versions/A/IOSurface
0x00007fff26444000 	/usr/lib/libDiagnosticMessagesClient.dylib
0x00007fff28998000 	/System/Library/PrivateFrameworks/DFRFoundation.framework/Versions/A/DFRFoundation
0x00007fff2254e000 	/usr/lib/libicucore.A.dylib
0x00007fff2cbd4000 	/System/Library/Frameworks/AudioToolbox.framework/Versions/A/AudioToolbox
0x00007fff25abb000 	/System/Library/Frameworks/CoreData.framework/Versions/A/CoreData
0x00007fff2be79000 	/System/Library/PrivateFrameworks/DataDetectorsCore.framework/Versions/A/DataDetectorsCore
0x00007fff28698000 	/System/Library/Frameworks/Carbon.framework/Versions/A/Frameworks/HIToolbox.framework/Versions/A/HIToolbox
0x00007fff26bdd000 	/System/Library/Frameworks/QuartzCore.framework/Versions/A/QuartzCore
0x00007fff2fbef000 	/System/Library/Frameworks/Carbon.framework/Versions/A/Frameworks/SpeechRecognition.framework/Versions/A/SpeechRecognition
0x00007fff26eea000 	/System/Library/PrivateFrameworks/CoreUI.framework/Versions/A/CoreUI
0x00007fff21b57000 	/System/Library/Frameworks/CoreAudio.framework/Versions/A/CoreAudio
0x00007fff2652f000 	/System/Library/Frameworks/DiskArbitration.framework/Versions/A/DiskArbitration
0x00007fff2ba88000 	/System/Library/PrivateFrameworks/MultitouchSupport.framework/Versions/A/MultitouchSupport
0x00007fff2be70000 	/System/Library/PrivateFrameworks/InternationalSupport.framework/Versions/A/InternationalSupport
0x00007fff24b36000 	/usr/lib/libenergytrace.dylib
0x00007fff27118000 	/System/Library/PrivateFrameworks/PerformanceAnalysis.framework/Versions/A/PerformanceAnalysis
0x00007fff6c8a5000 	/System/Library/Frameworks/OpenGL.framework/Versions/A/OpenGL
0x00007fff2bef5000 	/System/Library/PrivateFrameworks/UserActivity.framework/Versions/A/UserActivity
0x00007fff255bd000 	/System/Library/Frameworks/ColorSync.framework/Versions/A/ColorSync
0x00007fff28c15000 	/System/Library/Frameworks/CoreImage.framework/Versions/A/CoreImage
0x00007fff289da000 	/System/Library/Frameworks/ImageIO.framework/Versions/A/ImageIO
0x00007fff2a553000 	/System/Library/PrivateFrameworks/SoftLinking.framework/Versions/A/SoftLinking
0x00007fff271ce000 	/usr/lib/libxml2.2.dylib
0x00007fff2a7c5000 	/usr/lib/libcompression.dylib
0x00007fff24b37000 	/usr/lib/libMobileGestalt.dylib
0x00007fff2bda3000 	/System/Library/PrivateFrameworks/TextureIO.framework/Versions/A/TextureIO
0x00007fff2adeb000 	/usr/lib/libate.dylib
0x00007fff2a547000 	/usr/lib/system/libcache.dylib
0x00007fff2a503000 	/usr/lib/system/libcommonCrypto.dylib
0x00007fff2a52d000 	/usr/lib/system/libcompiler_rt.dylib
0x00007fff2a522000 	/usr/lib/system/libcopyfile.dylib
0x00007fff200d0000 	/usr/lib/system/libcorecrypto.dylib
0x00007fff2019d000 	/usr/lib/system/libdispatch.dylib
0x00007fff20351000 	/usr/lib/system/libdyld.dylib
0x00007fff2a53e000 	/usr/lib/system/libkeymgr.dylib
0x00007fff2d986000 	/usr/lib/system/liblaunch.dylib
0x00007fff2a4e1000 	/usr/lib/system/libmacho.dylib
0x00007fff29cfb000 	/usr/lib/system/libquarantine.dylib
0x00007fff2a53b000 	/usr/lib/system/libremovefile.dylib
0x00007fff24b93000 	/usr/lib/system/libsystem_asl.dylib
0x00007fff20080000 	/usr/lib/system/libsystem_blocks.dylib
0x00007fff2021e000 	/usr/lib/system/libsystem_c.dylib
0x00007fff2a535000 	/usr/lib/system/libsystem_collections.dylib
0x00007fff28fef000 	/usr/lib/system/libsystem_configuration.dylib
0x00007fff282e2000 	/usr/lib/system/libsystem_containermanager.dylib
0x00007fff2a27d000 	/usr/lib/system/libsystem_coreservices.dylib
0x00007fff227b0000 	/usr/lib/system/libsystem_darwin.dylib
0x00007fff2a53f000 	/usr/lib/system/libsystem_dnssd.dylib
0x00007fff2021b000 	/usr/lib/system/libsystem_featureflags.dylib
0x00007fff20396000 	/usr/lib/system/libsystem_info.dylib
0x00007fff2a498000 	/usr/lib/system/libsystem_m.dylib
0x00007fff20170000 	/usr/lib/system/libsystem_malloc.dylib
0x00007fff24b27000 	/usr/lib/system/libsystem_networkextension.dylib
0x00007fff22bcb000 	/usr/lib/system/libsystem_notify.dylib
0x00007fff2fe3a000 	/usr/lib/system/libsystem_product_info_filter.dylib
0x00007fff28ff3000 	/usr/lib/system/libsystem_sandbox.dylib
0x00007fff2a538000 	/usr/lib/system/libsystem_secinit.dylib
0x00007fff20316000 	/usr/lib/system/libsystem_kernel.dylib
0x00007fff2038c000 	/usr/lib/system/libsystem_platform.dylib
0x00007fff20345000 	/usr/lib/system/libsystem_pthread.dylib
0x00007fff26292000 	/usr/lib/system/libsystem_symptoms.dylib
0x00007fff200b8000 	/usr/lib/system/libsystem_trace.dylib
0x00007fff2a50f000 	/usr/lib/system/libunwind.dylib
0x00007fff20082000 	/usr/lib/system/libxpc.dylib
0x00007fff202fd000 	/usr/lib/libc++abi.dylib
0x00007fff2a51a000 	/usr/lib/liboah.dylib
0x00007fff2abd0000 	/usr/lib/liblzma.5.dylib
0x00007fff20e83000 	/System/Library/Frameworks/SystemConfiguration.framework/Versions/A/SystemConfiguration
0x00007fff2a54f000 	/usr/lib/libfakelink.dylib
0x00007fff24689000 	/System/Library/Frameworks/CFNetwork.framework/Versions/A/CFNetwork
0x00007fff2a68f000 	/usr/lib/libarchive.2.dylib
0x00007fff20f01000 	/usr/lib/libCRFSuite.dylib
0x00007fff24045000 	/usr/lib/libnetwork.dylib
0x00007fff2a554000 	/usr/lib/libpcap.A.dylib
0x00007fff2628b000 	/usr/lib/libdns_services.dylib
0x00007fff2abe9000 	/usr/lib/libcoretls_cfhelpers.dylib
0x00007fff2a793000 	/usr/lib/libapple_nghttp2.dylib
0x00007fff2a4e7000 	/usr/lib/system/libkxld.dylib
0x00007fff25ef1000 	/usr/lib/libsqlite3.dylib
0x00007fff2a25f000 	/System/Library/PrivateFrameworks/AppleFSCompression.framework/Versions/A/AppleFSCompression
0x00007fff29d0a000 	/usr/lib/libcoretls.dylib
0x00007fff2a7c0000 	/usr/lib/libpam.2.dylib
0x00007fff2ace6000 	/usr/lib/libxar.1.dylib
0x00007fff28ffa000 	/System/Library/PrivateFrameworks/AppleSystemInfo.framework/Versions/A/AppleSystemInfo
0x00007fff2994d000 	/System/Library/PrivateFrameworks/IOMobileFramebuffer.framework/Versions/A/IOMobileFramebuffer
0x00007fff2a26f000 	/usr/lib/libbz2.1.0.dylib
0x00007fff2a58c000 	/usr/lib/libiconv.2.dylib
0x00007fff2a4e0000 	/usr/lib/libcharset.1.dylib
0x00007fff27154000 	/System/Library/Frameworks/CoreServices.framework/Versions/A/Frameworks/FSEvents.framework/Versions/A/FSEvents
0x00007fff227ba000 	/System/Library/Frameworks/CoreServices.framework/Versions/A/Frameworks/CarbonCore.framework/Versions/A/CarbonCore
0x00007fff26494000 	/System/Library/Frameworks/CoreServices.framework/Versions/A/Frameworks/Metadata.framework/Versions/A/Metadata
0x00007fff2a282000 	/System/Library/Frameworks/CoreServices.framework/Versions/A/Frameworks/OSServices.framework/Versions/A/OSServices
0x00007fff2a701000 	/System/Library/Frameworks/CoreServices.framework/Versions/A/Frameworks/SearchKit.framework/Versions/A/SearchKit
0x00007fff26215000 	/System/Library/Frameworks/CoreServices.framework/Versions/A/Frameworks/AE.framework/Versions/A/AE
0x00007fff2085e000 	/System/Library/Frameworks/CoreServices.framework/Versions/A/Frameworks/LaunchServices.framework/Versions/A/LaunchServices
0x00007fff2ab81000 	/System/Library/Frameworks/CoreServices.framework/Versions/A/Frameworks/DictionaryServices.framework/Versions/A/DictionaryServices
0x00007fff2715d000 	/System/Library/Frameworks/CoreServices.framework/Versions/A/Frameworks/SharedFileList.framework/Versions/A/SharedFileList
0x00007fff29cfe000 	/usr/lib/libCheckFix.dylib
0x00007fff24baa000 	/System/Library/PrivateFrameworks/TCC.framework/Versions/A/TCC
0x00007fff29000000 	/System/Library/PrivateFrameworks/CoreNLP.framework/Versions/A/CoreNLP
0x00007fff26447000 	/System/Library/PrivateFrameworks/MetadataUtilities.framework/Versions/A/MetadataUtilities
0x00007fff20f37000 	/usr/lib/libmecabra.dylib
0x00007fff2a011000 	/System/Library/Frameworks/MLCompute.framework/Versions/A/MLCompute
0x00007fff29d33000 	/usr/lib/libmecab.dylib
0x00007fff29d7d000 	/usr/lib/libgermantok.dylib
0x00007fff2a769000 	/usr/lib/libThaiTokenizer.dylib
0x00007fff2ad21000 	/usr/lib/libChineseTokenizer.dylib
0x00007fff2a7be000 	/System/Library/Frameworks/MetalPerformanceShaders.framework/Versions/A/MetalPerformanceShaders
0x00007fff26536000 	/System/Library/Frameworks/Accelerate.framework/Versions/A/Frameworks/vImage.framework/Versions/A/vImage
0x00007fff2ff15000 	/System/Library/Frameworks/Accelerate.framework/Versions/A/Frameworks/vecLib.framework/Versions/A/vecLib
0x00007fff2ad2c000 	/System/Library/Frameworks/Accelerate.framework/Versions/A/Frameworks/vecLib.framework/Versions/A/libvMisc.dylib
0x00007fff29766000 	/System/Library/Frameworks/Accelerate.framework/Versions/A/Frameworks/vecLib.framework/Versions/A/libvDSP.dylib
0x00007fff20b62000 	/System/Library/Frameworks/Accelerate.framework/Versions/A/Frameworks/vecLib.framework/Versions/A/libBLAS.dylib
0x00007fff2a7e4000 	/System/Library/Frameworks/Accelerate.framework/Versions/A/Frameworks/vecLib.framework/Versions/A/libLAPACK.dylib
0x00007fff29d83000 	/System/Library/Frameworks/Accelerate.framework/Versions/A/Frameworks/vecLib.framework/Versions/A/libLinearAlgebra.dylib
0x00007fff2a7ab000 	/System/Library/Frameworks/Accelerate.framework/Versions/A/Frameworks/vecLib.framework/Versions/A/libSparseBLAS.dylib
0x00007fff2a7de000 	/System/Library/Frameworks/Accelerate.framework/Versions/A/Frameworks/vecLib.framework/Versions/A/libQuadrature.dylib
0x00007fff290a8000 	/System/Library/Frameworks/Accelerate.framework/Versions/A/Frameworks/vecLib.framework/Versions/A/libBNNS.dylib
0x00007fff20e14000 	/System/Library/Frameworks/Accelerate.framework/Versions/A/Frameworks/vecLib.framework/Versions/A/libSparse.dylib
0x00007fff28f93000 	/System/Library/Frameworks/MetalPerformanceShaders.framework/Versions/A/Frameworks/MPSCore.framework/Versions/A/MPSCore
0x00007fff2a1ce000 	/System/Library/Frameworks/MetalPerformanceShaders.framework/Versions/A/Frameworks/MPSImage.framework/Versions/A/MPSImage
0x00007fff29d99000 	/System/Library/Frameworks/MetalPerformanceShaders.framework/Versions/A/Frameworks/MPSNeuralNetwork.framework/Versions/A/MPSNeuralNetwork
0x00007fff2a159000 	/System/Library/Frameworks/MetalPerformanceShaders.framework/Versions/A/Frameworks/MPSMatrix.framework/Versions/A/MPSMatrix
0x00007fff29fc1000 	/System/Library/Frameworks/MetalPerformanceShaders.framework/Versions/A/Frameworks/MPSRayIntersector.framework/Versions/A/MPSRayIntersector
0x00007fff2a190000 	/System/Library/Frameworks/MetalPerformanceShaders.framework/Versions/A/Frameworks/MPSNDArray.framework/Versions/A/MPSNDArray
0x00007fff20a8e000 	/System/Library/PrivateFrameworks/MetalTools.framework/Versions/A/MetalTools
0x00007fff28ff8000 	/System/Library/PrivateFrameworks/AggregateDictionary.framework/Versions/A/AggregateDictionary
0x00007fff2641f000 	/System/Library/PrivateFrameworks/CoreAnalytics.framework/Versions/A/CoreAnalytics
0x00007fff2a76b000 	/System/Library/PrivateFrameworks/AppleSauce.framework/Versions/A/AppleSauce
0x00007fff28305000 	/System/Library/PrivateFrameworks/IOAccelerator.framework/Versions/A/IOAccelerator
0x00007fff6c899000 	/System/Library/Frameworks/OpenGL.framework/Versions/A/Libraries/libCoreFSCache.dylib
0x00007fff214d3000 	/System/Library/PrivateFrameworks/LanguageModeling.framework/Versions/A/LanguageModeling
0x00007fff2993a000 	/System/Library/PrivateFrameworks/CoreEmoji.framework/Versions/A/CoreEmoji
0x00007fff290a1000 	/System/Library/PrivateFrameworks/LinguisticData.framework/Versions/A/LinguisticData
0x00007fff20dc6000 	/System/Library/PrivateFrameworks/Lexicon.framework/Versions/A/Lexicon
0x00007fff2a67d000 	/usr/lib/libcmph.dylib
0x00007fff27134000 	/System/Library/Frameworks/OpenDirectory.framework/Versions/A/Frameworks/CFOpenDirectory.framework/Versions/A/CFOpenDirectory
0x00007fff27124000 	/System/Library/Frameworks/OpenDirectory.framework/Versions/A/OpenDirectory
0x00007fff2abeb000 	/System/Library/PrivateFrameworks/APFS.framework/Versions/A/APFS
0x00007fff29c5f000 	/System/Library/Frameworks/SecurityFoundation.framework/Versions/A/SecurityFoundation
0x00007fff2acf4000 	/usr/lib/libutil.dylib
0x00007fff22ae1000 	/System/Library/PrivateFrameworks/CoreServicesStore.framework/Versions/A/CoreServicesStore
0x00007fff29cf6000 	/System/Library/Frameworks/ServiceManagement.framework/Versions/A/ServiceManagement
0x00007fff2acf8000 	/usr/lib/libxslt.1.dylib
0x00007fff29cec000 	/System/Library/PrivateFrameworks/BackgroundTaskManagement.framework/Versions/A/BackgroundTaskManagement
0x00007fff2bced000 	/System/Library/Frameworks/ImageIO.framework/Versions/A/Resources/libRadiance.dylib
0x00007fff2bcf7000 	/System/Library/Frameworks/ImageIO.framework/Versions/A/Resources/libJPEG.dylib
0x00007fff2bc42000 	/System/Library/Frameworks/ImageIO.framework/Versions/A/Resources/libPng.dylib
0x00007fff2bc69000 	/System/Library/Frameworks/ImageIO.framework/Versions/A/Resources/libTIFF.dylib
0x00007fff2bd4c000 	/System/Library/Frameworks/ImageIO.framework/Versions/A/Resources/libGIF.dylib
0x00007fff2b9a5000 	/System/Library/Frameworks/ImageIO.framework/Versions/A/Resources/libJP2.dylib
0x00007fff2b08f000 	/usr/lib/libexpat.1.dylib
0x00007fff2b95a000 	/System/Library/PrivateFrameworks/AppleJPEG.framework/Versions/A/AppleJPEG
0x00007fff2853b000 	/System/Library/PrivateFrameworks/FontServices.framework/libFontParser.dylib
0x00007fff261c9000 	/System/Library/PrivateFrameworks/RunningBoardServices.framework/Versions/A/RunningBoardServices
0x00007fff2ba84000 	/System/Library/PrivateFrameworks/WatchdogClient.framework/Versions/A/WatchdogClient
0x00007fff215c0000 	/System/Library/Frameworks/CoreDisplay.framework/Versions/A/CoreDisplay
0x00007fff28451000 	/System/Library/Frameworks/CoreMedia.framework/Versions/A/CoreMedia
0x00007fff272b1000 	/System/Library/Frameworks/CoreVideo.framework/Versions/A/CoreVideo
0x00007fff2babc000 	/System/Library/Frameworks/VideoToolbox.framework/Versions/A/VideoToolbox
0x00007fff26147000 	/System/Library/PrivateFrameworks/BaseBoard.framework/Versions/A/BaseBoard
0x00007fff2b1d4000 	/System/Library/PrivateFrameworks/PersistentConnection.framework/Versions/A/PersistentConnection
0x00007fff25eda000 	/System/Library/PrivateFrameworks/ProtocolBuffer.framework/Versions/A/ProtocolBuffer
0x00007fff2612e000 	/System/Library/PrivateFrameworks/CommonUtilities.framework/Versions/A/CommonUtilities
0x00007fff2b8ef000 	/System/Library/PrivateFrameworks/Bom.framework/Versions/A/Bom
0x00007fff2bce6000 	/System/Library/PrivateFrameworks/GPUWrangler.framework/Versions/A/GPUWrangler
0x00007fff2bcc9000 	/System/Library/PrivateFrameworks/IOPresentment.framework/Versions/A/IOPresentment
0x00007fff2bcf1000 	/System/Library/PrivateFrameworks/DSExternalDisplay.framework/Versions/A/DSExternalDisplay
0x00007fff2bd51000 	/System/Library/PrivateFrameworks/CMCaptureCore.framework/Versions/A/CMCaptureCore
0x00007fff2b674000 	/System/Library/PrivateFrameworks/AppServerSupport.framework/Versions/A/AppServerSupport
0x00007fff2d725000 	/System/Library/PrivateFrameworks/perfdata.framework/Versions/A/perfdata
0x00007fff29c4e000 	/System/Library/PrivateFrameworks/AssertionServices.framework/Versions/A/AssertionServices
0x00007fff216f7000 	/System/Library/PrivateFrameworks/AudioToolboxCore.framework/Versions/A/AudioToolboxCore
0x00007fff28434000 	/System/Library/PrivateFrameworks/caulk.framework/Versions/A/caulk
0x00007fff3d3d0000 	/System/Library/PrivateFrameworks/SystemPolicy.framework/Versions/A/SystemPolicy
0x00007fff2ae84000 	/usr/lib/libIOReport.dylib
0x00007fff2cf47000 	/usr/lib/libSMC.dylib
0x00007fff2bc0f000 	/usr/lib/libAudioToolboxUtility.dylib
0x00007fff3dd3a000 	/usr/lib/libmis.dylib
0x00007fff6c8f5000 	/System/Library/Frameworks/OpenGL.framework/Versions/A/Libraries/libGLU.dylib
0x00007fff6c8b8000 	/System/Library/Frameworks/OpenGL.framework/Versions/A/Libraries/libGFXShared.dylib
0x00007fff6cac7000 	/System/Library/Frameworks/OpenGL.framework/Versions/A/Libraries/libGL.dylib
0x00007fff6c8c1000 	/System/Library/Frameworks/OpenGL.framework/Versions/A/Libraries/libGLImage.dylib
0x00007fff6c8b5000 	/System/Library/Frameworks/OpenGL.framework/Versions/A/Libraries/libCVMSPluginSupport.dylib
0x00007fff6c8a0000 	/System/Library/Frameworks/OpenGL.framework/Versions/A/Libraries/libCoreVMClient.dylib
0x00007fff6df08000 	/System/Library/Frameworks/OpenCL.framework/Versions/A/OpenCL
0x00007fff2b1fe000 	/System/Library/PrivateFrameworks/GraphVisualizer.framework/Versions/A/GraphVisualizer
0x00007fff2b20d000 	/System/Library/PrivateFrameworks/FaceCore.framework/Versions/A/FaceCore
0x00007fff2b629000 	/System/Library/PrivateFrameworks/OTSVG.framework/Versions/A/OTSVG
0x00007fff26ea8000 	/System/Library/Frameworks/ApplicationServices.framework/Versions/A/Frameworks/ATS.framework/Versions/A/Resources/libFontRegistry.dylib
0x00007fff2b67b000 	/System/Library/PrivateFrameworks/FontServices.framework/libhvf.dylib
0x00007fff2b03b000 	/System/Library/PrivateFrameworks/AppleVA.framework/Versions/A/AppleVA
0x00007fff2cd90000 	/System/Library/Frameworks/ApplicationServices.framework/Versions/A/Frameworks/ATS.framework/Versions/A/ATS
0x00007fff2d0a2000 	/System/Library/Frameworks/ApplicationServices.framework/Versions/A/Frameworks/ColorSyncLegacy.framework/Versions/A/ColorSyncLegacy
0x00007fff256b4000 	/System/Library/Frameworks/ApplicationServices.framework/Versions/A/Frameworks/HIServices.framework/Versions/A/HIServices
0x00007fff2d087000 	/System/Library/Frameworks/ApplicationServices.framework/Versions/A/Frameworks/LangAnalysis.framework/Versions/A/LangAnalysis
0x00007fff2bd5b000 	/System/Library/Frameworks/ApplicationServices.framework/Versions/A/Frameworks/PrintCore.framework/Versions/A/PrintCore
0x00007fff2d0aa000 	/System/Library/Frameworks/ApplicationServices.framework/Versions/A/Frameworks/QD.framework/Versions/A/QD
0x00007fff2cd80000 	/System/Library/Frameworks/ApplicationServices.framework/Versions/A/Frameworks/SpeechSynthesis.framework/Versions/A/SpeechSynthesis
0x00007fff2bd1c000 	/System/Library/Frameworks/ApplicationServices.framework/Versions/A/Frameworks/ATSUI.framework/Versions/A/ATSUI
0x00007fff2d027000 	/usr/lib/libcups.2.dylib
0x00007fff2d097000 	/System/Library/PrivateFrameworks/NetAuth.framework/Versions/A/NetAuth
0x00007fff2d741000 	/System/Library/Frameworks/Kerberos.framework/Versions/A/Kerberos
0x00007fff2d751000 	/System/Library/Frameworks/GSS.framework/Versions/A/GSS
0x00007fff2cdfc000 	/usr/lib/libresolv.9.dylib
0x00007fff2b690000 	/System/Library/PrivateFrameworks/Heimdal.framework/Versions/A/Heimdal
0x00007fff334d5000 	/System/Library/Frameworks/Kerberos.framework/Versions/A/Libraries/libHeimdalProxy.dylib
0x00007fff2629a000 	/System/Library/Frameworks/Network.framework/Versions/A/Network
0x00007fff2b0a9000 	/usr/lib/libheimdal-asn1.dylib
0x00007fff2d7a1000 	/System/Library/PrivateFrameworks/CommonAuth.framework/Versions/A/CommonAuth
0x00007fff272fe000 	/System/Library/PrivateFrameworks/login.framework/Versions/A/Frameworks/loginsupport.framework/Versions/A/loginsupport
0x00007fff2cd05000 	/System/Library/PrivateFrameworks/AudioSession.framework/Versions/A/AudioSession
0x00007fff2cd6d000 	/usr/lib/libAudioStatistics.dylib
0x00007fff2b136000 	/System/Library/PrivateFrameworks/MediaExperience.framework/Versions/A/MediaExperience
0x00007fff2cba2000 	/System/Library/PrivateFrameworks/AudioSession.framework/libSessionUtility.dylib
0x00007fff2d732000 	/usr/lib/libperfcheck.dylib
0x00007fff2d0b6000 	/System/Library/PrivateFrameworks/AudioResourceArbitration.framework/Versions/A/AudioResourceArbitration
0x00007fff2b0b3000 	/System/Library/PrivateFrameworks/IconFoundation.framework/Versions/A/IconFoundation
0x00007fff2fbdf000 	/System/Library/PrivateFrameworks/SpeechRecognitionCore.framework/Versions/A/SpeechRecognitionCore
0x0000000103d95000 	/Library/Frameworks/R.framework/Versions/4.0/Resources/lib/libRblas.dylib
0x0000000103dc7000 	/Library/Frameworks/R.framework/Versions/4.0/Resources/lib/libgfortran.5.dylib
0x0000000104080000 	/Library/Frameworks/R.framework/Versions/4.0/Resources/lib/libquadmath.0.dylib
0x00007fff414d6000 	/usr/lib/libncurses.5.4.dylib
0x00000001040cc000 	/Library/Frameworks/R.framework/Versions/4.0/Resources/lib/libgcc_s.1.dylib
0x0000000105d21000 	/Library/Frameworks/R.framework/Versions/4.0/Resources/library/methods/libs/methods.so
0x0000000105d31000 	/Library/Frameworks/R.framework/Versions/4.0/Resources/library/utils/libs/utils.so
0x0000000105d44000 	/Library/Frameworks/R.framework/Versions/4.0/Resources/library/grDevices/libs/grDevices.so
0x00007fff2b751000 	/System/Library/PrivateFrameworks/login.framework/Versions/A/login
0x0000000105d98000 	/Library/Frameworks/R.framework/Versions/4.0/Resources/library/graphics/libs/graphics.so
0x0000000105de1000 	/Library/Frameworks/R.framework/Versions/4.0/Resources/library/stats/libs/stats.so
0x0000000105ea8000 	/Library/Frameworks/R.framework/Versions/4.0/Resources/lib/libRlapack.dylib
0x00000001060d6000 	/Library/Frameworks/R.framework/Versions/4.0/Resources/library/tools/libs/tools.so
0x00000001060f4000 	/Library/Frameworks/R.framework/Versions/4.0/Resources/modules/internet.so
0x00007fff32fa7000 	/usr/lib/libcurl.4.dylib
0x00007fff32d07000 	/usr/lib/libcrypto.44.dylib
0x00007fff32e0b000 	/usr/lib/libssl.46.dylib
0x00007fff32ccd000 	/System/Library/Frameworks/LDAP.framework/Versions/A/LDAP
0x00007fff32d05000 	/System/Library/PrivateFrameworks/TrustEvaluationAgent.framework/Versions/A/TrustEvaluationAgent
0x00007fff2ce15000 	/usr/lib/libsasl2.2.dylib
0x00007fff3027c000 	/System/Library/PrivateFrameworks/CoreDaemon.framework/Versions/B/CoreDaemon
0x00007fff30277000 	/System/Library/PrivateFrameworks/AppleSRP.framework/Versions/A/AppleSRP
0x000000010621b000 	/Library/Frameworks/R.framework/Versions/4.0/Resources/library/grid/libs/grid.so
0x0000000106249000 	/Library/Frameworks/R.framework/Versions/4.0/Resources/library/splines/libs/splines.so
0x0000000106253000 	/Library/Frameworks/R.framework/Versions/4.0/Resources/library/statmod/libs/statmod.so
0x0000000106258000 	/Library/Frameworks/R.framework/Versions/4.0/Resources/library/lattice/libs/lattice.so
0x0000000106262000 	/Library/Frameworks/R.framework/Versions/4.0/Resources/library/MASS/libs/MASS.so
0x000000010626c000 	/Library/Frameworks/R.framework/Versions/4.0/Resources/library/nlme/libs/nlme.so
0x000000010628c000 	/Library/Frameworks/R.framework/Versions/4.0/Resources/library/Matrix/libs/Matrix.so
0x0000000106374000 	/Library/Frameworks/R.framework/Versions/4.0/Resources/library/Rcpp/libs/Rcpp.so
0x000000010640c000 	/Library/Frameworks/R.framework/Versions/4.0/Resources/library/minqa/libs/minqa.so
0x000000010643d000 	/Library/Frameworks/R.framework/Versions/4.0/Resources/library/nloptr/libs/nloptr.so
0x00000001064cb000 	/Library/Frameworks/R.framework/Versions/4.0/Resources/library/lme4/libs/lme4.so
0x000000010656d000 	/Library/Frameworks/R.framework/Versions/4.0/Resources/library/rlang/libs/rlang.so
0x00000001065a5000 	/Library/Frameworks/R.framework/Versions/4.0/Resources/library/colorspace/libs/colorspace.so
0x00000001065b7000 	/Library/Frameworks/R.framework/Versions/4.0/Resources/library/glue/libs/glue.so
0x00000001065bc000 	/Library/Frameworks/R.framework/Versions/4.0/Resources/library/ellipsis/libs/ellipsis.so
0x00000001065c0000 	/Library/Frameworks/R.framework/Versions/4.0/Resources/library/magrittr/libs/magrittr.so
0x00000001065c6000 	/Library/Frameworks/R.framework/Versions/4.0/Resources/library/vctrs/libs/vctrs.so
0x00000001066ec000 	/Library/Frameworks/R.framework/Versions/4.0/Resources/library/tibble/libs/tibble.so
0x00000001066f2000 	/Library/Frameworks/R.framework/Versions/4.0/Resources/library/purrr/libs/purrr.so
0x00000001066fc000 	/Library/Frameworks/R.framework/Versions/4.0/Resources/library/dplyr/libs/dplyr.so
0x000000010670c000 	/Library/Frameworks/R.framework/Versions/4.0/Resources/library/TMB/libs/TMB.so
0x0000000108800000 	/Library/Frameworks/R.framework/Versions/4.0/Resources/library/glmmTMB/libs/glmmTMB.so
0x00000001095b9000 	/Library/Frameworks/R.framework/Versions/4.0/Resources/library/mvtnorm/libs/mvtnorm.so
0x0000000106719000 	/Library/Frameworks/R.framework/Versions/4.0/Resources/library/zoo/libs/zoo.so
0x000000010671f000 	/Library/Frameworks/R.framework/Versions/4.0/Resources/library/survival/libs/survival.so
0x000000010676c000 	/Library/Frameworks/R.framework/Versions/4.0/Resources/library/pscl/libs/pscl.so
0x000000010677a000 	/Library/Frameworks/R.framework/Versions/4.0/Resources/library/digest/libs/digest.so
0x00000001067a2000 	/Library/Frameworks/R.framework/Versions/4.0/Resources/library/processx/libs/processx.so
0x00000001067b4000 	/Library/Frameworks/R.framework/Versions/4.0/Resources/library/ps/libs/ps.so
0x00000001067c8000 	/Library/Frameworks/R.framework/Versions/4.0/Resources/library/pkgload/libs/pkgload.so
0x0000000109c40000 	/Library/Frameworks/R.framework/Versions/4.0/Resources/library/testthat/libs/testthat.so
0x0000000109d05000 	/Library/Frameworks/R.framework/Versions/4.0/Resources/library/fs/libs/fs.so
0x00000001067cc000 	/Library/Frameworks/R.framework/Versions/4.0/Resources/library/htmltools/libs/htmltools.so
0x00000001067d0000 	/Library/Frameworks/R.framework/Versions/4.0/Resources/library/xfun/libs/xfun.so
0x0000000109d41000 	/Library/Frameworks/R.framework/Versions/4.0/Resources/library/yaml/libs/yaml.so
0x00000001067d5000 	/Library/Frameworks/R.framework/Versions/4.0/Resources/library/tidyr/libs/tidyr.so
0x00000001067f1000 	/Library/Frameworks/R.framework/Versions/4.0/Resources/library/backports/libs/backports.so
0x0000000109d6d000 	/Library/Frameworks/R.framework/Versions/4.0/Resources/library/haven/libs/haven.so
0x0000000109df6000 	/Library/Frameworks/R.framework/Versions/4.0/Resources/library/jsonlite/libs/jsonlite.so
0x0000000109e09000 	/Library/Frameworks/R.framework/Versions/4.0/Resources/library/lubridate/libs/lubridate.so
0x0000000109e4d000 	/Library/Frameworks/R.framework/Versions/4.0/Resources/library/readr/libs/readr.so
0x0000000109f06000 	/Library/Frameworks/R.framework/Versions/4.0/Resources/library/readxl/libs/readxl.so
0x0000000109f69000 	/Library/Frameworks/R.framework/Versions/4.0/Resources/library/xml2/libs/xml2.so
0x000000010a114000 	/Library/Frameworks/R.framework/Versions/4.0/Resources/library/stringi/libs/stringi.so
0x000000010c166000 	/Library/Frameworks/R.framework/Versions/4.0/Resources/library/curl/libs/curl.so
0x000000010c177000 	/Library/Frameworks/R.framework/Versions/4.0/Resources/library/data.table/libs/datatable.so
0x000000010c223000 	/Library/Frameworks/R.framework/Versions/4.0/Resources/library/foreign/libs/foreign.so
0x000000010c247000 	/Library/Frameworks/R.framework/Versions/4.0/Resources/library/zip/libs/zip.so
0x000000010c265000 	/Library/Frameworks/R.framework/Versions/4.0/Resources/library/openxlsx/libs/openxlsx.so
0x000000010c2f9000 	/Library/Frameworks/R.framework/Versions/4.0/Resources/library/plyr/libs/plyr.so
0x000000010c312000 	/Library/Frameworks/R.framework/Versions/4.0/Resources/library/reshape2/libs/reshape2.so
0x00000001067f5000 	/Library/Frameworks/R.framework/Versions/4.0/Resources/library/tmvnsim/libs/tmvnsim.so
0x000000010c333000 	/Library/Frameworks/R.framework/Versions/4.0/Resources/library/mnormt/libs/mnormt.so
0x000000010c370000 	/Library/Frameworks/R.framework/Versions/4.0/Resources/library/parallel/libs/parallel.so
0x000000010c37d000 	/Library/Frameworks/R.framework/Versions/4.0/Resources/library/cluster/libs/cluster.so
0x000000010c397000 	/Library/Frameworks/R.framework/Versions/4.0/Resources/library/mgcv/libs/mgcv.so
0x000000010c44a000 	/Library/Frameworks/R.framework/Versions/4.0/Resources/library/vegan/libs/vegan.so
0x000000010c461000 	/Library/Frameworks/R.framework/Versions/4.0/Resources/library/pander/libs/pander.so
0x000000010c482000 	/Library/Frameworks/R.framework/Versions/4.0/Resources/library/nnet/libs/nnet.so
0x00000001067fb000 	/Library/Frameworks/R.framework/Versions/4.0/Resources/library/lmtest/libs/lmtest.so
0x000000010c490000 	/Library/Frameworks/R.framework/Versions/4.0/Resources/library/qwraps2/libs/qwraps2.so
0x00007fff2bf54000 	/System/Library/Frameworks/MediaToolbox.framework/Versions/A/MediaToolbox
0x00007fff31097000 	/System/Library/PrivateFrameworks/CoreAVCHD.framework/Versions/A/CoreAVCHD
0x00007fff3024b000 	/System/Library/Frameworks/MediaAccessibility.framework/Versions/A/MediaAccessibility
0x00007fff31093000 	/System/Library/PrivateFrameworks/Mangrove.framework/Versions/A/Mangrove
0x00007fff30257000 	/System/Library/PrivateFrameworks/AlgosScoreFramework.framework/Versions/A/AlgosScoreFramework
0x00007fff31a5c000 	/System/Library/PrivateFrameworks/AppleVPA.framework/Versions/A/AppleVPA
0x00007fff30cd8000 	/System/Library/PrivateFrameworks/CoreAUC.framework/Versions/A/CoreAUC
0x00007fff41946000 	/System/Library/Frameworks/Accelerate.framework/Versions/A/Frameworks/vImage.framework/Versions/A/Libraries/libCGInterfaces.dylib
0x000000010c4c0000 	/Library/Frameworks/R.framework/Versions/4.0/Resources/library/farver/libs/farver.so
0x000000010c5b7000 	/Library/Internet Plug-Ins/JavaAppletPlugin.plugin/Contents/Home/lib/jli/libjli.dylib
0x00007fff34fd7000 	/System/Library/Frameworks/Cocoa.framework/Versions/A/Cocoa
0x000000010c84c000 	/Library/Internet Plug-Ins/JavaAppletPlugin.plugin/Contents/Home/lib/server/libjvm.dylib
0x00007fff787e1000 	/usr/lib/libstdc++.6.dylib
0x000000010c5ee000 	/Library/Frameworks/R.framework/Versions/4.0/Resources/library/rJava/libs/rJava.so
0x000000010c601000 	/Library/Internet Plug-Ins/JavaAppletPlugin.plugin/Contents/Home/lib/libverify.dylib
0x000000010d800000 	/Library/Internet Plug-Ins/JavaAppletPlugin.plugin/Contents/Home/lib/libjava.dylib
0x000000010c644000 	/Library/Internet Plug-Ins/JavaAppletPlugin.plugin/Contents/Home/lib/libzip.dylib
0x000000010c581000 	/Library/Frameworks/R.framework/Versions/4.0/Resources/modules/lapack.so
0x000000010c5a4000 	/Library/Frameworks/R.framework/Versions/4.0/Resources/library/fansi/libs/fansi.so
0x000000010c60f000 	/Library/Frameworks/R.framework/Versions/4.0/Resources/library/uuid/libs/uuid.so
0x000000010c615000 	/Library/Frameworks/R.framework/Versions/4.0/Resources/library/base64enc/libs/base64enc.so
0x000000010e403000 	/Library/Frameworks/R.framework/Versions/4.0/Resources/library/systemfonts/libs/systemfonts.so
0x00000001214a8000 	/Library/Frameworks/R.framework/Versions/4.0/Resources/library/gdtools/libs/gdtools.so
0x000000011198e000 	/Library/Frameworks/R.framework/Versions/4.0/Resources/library/commonmark/libs/commonmark.so

VM Arguments:
jvm_args: -Djava.awt.headless=true -Xmx512m -Xrs vfprintf exit -Xss2m 
java_command: <unknown>
java_class_path (initial): /Library/Frameworks/R.framework/Versions/4.0/Resources/library/rJava/java/boot
Launcher Type: generic

Environment Variables:
PATH=/usr/local/clang7/bin:/usr/bin:/bin:/usr/sbin:/sbin:/usr/local/bin:/Library/TeX/texbin:/opt/X11/bin:/Library/Apple/usr/bin:/Applications/RStudio.app/Contents/MacOS/postback
SHELL=/bin/bash
DISPLAY=/private/tmp/com.apple.launchd.UaZQIlQTjW/org.macosforge.xquartz:0
DYLD_LIBRARY_PATH=/Library/Internet Plug-Ins/JavaAppletPlugin.plugin/Contents/Home/lib/server
DYLD_FALLBACK_LIBRARY_PATH=/Library/Frameworks/R.framework/Resources/lib:/Users/samanthasambado/lib:/usr/local/lib:/usr/lib:::/lib:/Library/Java/JavaVirtualMachines/jdk1.8.0_241.jdk/Contents/Home/jre/lib/server

Signal Handlers:
SIGSEGV: [libjvm.dylib+0x5b5de9], sa_mask[0]=11111111011111110111111111111111, sa_flags=SA_ONSTACK|SA_RESTART|SA_SIGINFO
SIGBUS: [libjvm.dylib+0x5b5de9], sa_mask[0]=11111111011111110111111111111111, sa_flags=SA_RESTART|SA_SIGINFO
SIGFPE: [libjvm.dylib+0x48b6b0], sa_mask[0]=11111111011111110111111111111111, sa_flags=SA_RESTART|SA_SIGINFO
SIGPIPE: [libjvm.dylib+0x48b6b0], sa_mask[0]=11111111011111110111111111111111, sa_flags=SA_RESTART|SA_SIGINFO
SIGXFSZ: [libjvm.dylib+0x48b6b0], sa_mask[0]=11111111011111110111111111111111, sa_flags=SA_RESTART|SA_SIGINFO
SIGILL: [libjvm.dylib+0x48b6b0], sa_mask[0]=11111111011111110111111111111111, sa_flags=SA_RESTART|SA_SIGINFO
SIGUSR1: SIG_IGN, sa_mask[0]=00000000000000000000000000000000, sa_flags=none
SIGUSR2: [libjvm.dylib+0x48b1ce], sa_mask[0]=10000000000000000000000000000000, sa_flags=SA_RESTART|SA_SIGINFO
SIGHUP: SIG_DFL, sa_mask[0]=00000000000000000000000000000000, sa_flags=none
SIGINT: [rsession+0x156e20], sa_mask[0]=00000000000000000000000000000000, sa_flags=SA_RESTART
SIGTERM: SIG_DFL, sa_mask[0]=00000000000000000000000000000000, sa_flags=none
SIGQUIT: SIG_DFL, sa_mask[0]=00000000000000000000000000000000, sa_flags=none


---------------  S Y S T E M  ---------------

OS:Bsduname:Darwin 20.3.0 Darwin Kernel Version 20.3.0: Thu Jan 21 00:07:06 PST 2021; root:xnu-7195.81.3~1/RELEASE_X86_64 x86_64
rlimit: STACK 8192k, CORE 0k, NPROC 1392, NOFILE 10240, AS infinity
load average:31.86 9.38 5.34

CPU:total 4 (initial active 4) (2 cores per cpu, 2 threads per core) family 6 model 142 stepping 9, cmov, cx8, fxsr, mmx, sse, sse2, sse3, ssse3, sse4.1, sse4.2, popcnt, avx, avx2, aes, clmul, erms, 3dnowpref, lzcnt, ht, tsc, tscinvbit, bmi1, bmi2, adx

Memory: 4k page, physical 8388608k(140448k free)

/proc/meminfo:


vm_info: Java HotSpot(TM) 64-Bit Server VM (25.191-b12) for bsd-amd64 JRE (1.8.0_191-b12), built on Oct  6 2018 08:37:07 by "java_re" with gcc 4.2.1 (Based on Apple Inc. build 5658) (LLVM build 2336.11.00)

time: Mon Feb 22 17:02:36 2021
elapsed time: 12316 seconds (0d 3h 25m 16s)

